<?xml version="1.0" encoding="UTF-8"?>
<!-- Generated by org.testng.reporters.JUnitReportReporter -->
<testsuite skipped="0" hostname="LNOR060420" name="helloworld_koley.TestHelloWorld" tests="1" failures="0" timestamp="2021-01-16T20:05:39 CET" time="0.037" errors="0">
  <testcase name="testHelloWorld" time="0.037" classname="helloworld_koley.TestHelloWorld"/>
</testsuite> <!-- helloworld_koley.TestHelloWorld -->
